2026-07-09 18:42:03,623 - ace - INFO - Getting fields for: region=USA, delay=1, universe=TOP3000
2026-07-09 18:46:35,205 - ace - INFO - Getting fields for: region=USA, delay=1, universe=TOP3000
2026-07-09 18:47:44,992 - ace - WARNING - Simulation failed. {"detail":"CONCURRENT_SIMULATION_LIMIT_EXCEEDED"}, Status code: 429
2026-07-09 18:47:46,915 - ace - WARNING - Simulation failed. {"detail":"CONCURRENT_SIMULATION_LIMIT_EXCEEDED"}, Status code: 429
2026-07-09 18:50:21,755 - ace - INFO - Getting fields for: region=USA, delay=1, universe=TOP3000
2026-07-09 18:56:44,125 - ace - ERROR - Simulation failed. {'id': 'wu3yY8kA51sbl71eEBb2plt', 'type': 'REGULAR', 'status': 'ERROR', 'message': 'Required attribute "lookback" must have a value. <linkToCommonErrorMessages>Learn more</linkToCommonErrorMessages>', 'location': {'line': 1, 'start': 8, 'end': 37, 'property': 'regular'}, 'links': {'linkToCommonErrorMessages': 'https://support.worldquantbrain.com/hc/en-us/articles/18423410021783--BRAIN-TIPS-Troubleshooting-common-error-messages'}}
2026-07-09 20:25:25,735 - ace - INFO - Getting fields for: region=USA, delay=1, universe=TOP3000
2026-07-09 20:34:21,143 - ace - WARNING - Cant check submission alpha_id kq03MMzz. {'detail': 'THROTTLED'}
2026-07-09 20:34:26,903 - ace - WARNING - Cant check submission alpha_id rKloMJao. {'detail': 'THROTTLED'}
2026-07-09 20:34:28,624 - ace - WARNING - Cant check submission alpha_id 2rL7oldP. {'detail': 'THROTTLED'}
2026-07-09 20:46:59,221 - ace - WARNING - Cant check submission alpha_id N1rpE7e8. {'detail': 'THROTTLED'}
2026-07-09 21:01:56,331 - ace - ERROR - Simulation https://api.worldquantbrain.com/simulations/14wYCvfMk4Ps9zx1fBilWG7k, Status code: 504, Retry
2026-07-09 22:32:15,345 - ace - INFO - Getting fields for: region=USA, delay=1, universe=TOP3000
2026-07-09 22:38:44,729 - ace - WARNING - Cant check submission alpha_id pwl6eroo. {'detail': 'THROTTLED'}
2026-07-09 22:38:45,643 - ace - WARNING - Cant check submission alpha_id xAkx7XZq. {'detail': 'THROTTLED'}
2026-07-09 22:49:41,426 - ace - WARNING - Cant check submission alpha_id j200Qo7o. {'detail': 'THROTTLED'}
2026-07-09 22:49:42,933 - ace - WARNING - Cant check submission alpha_id vRllV66Q. {'detail': 'THROTTLED'}
2026-07-10 02:32:18,780 - ace - ERROR - Simulation https://api.worldquantbrain.com/simulations/21RfzAfth5dCbEOcTHFv1nx, Status code: 401, Retry
2026-07-10 02:43:40,441 - ace - ERROR - Simulation https://api.worldquantbrain.com/simulations/2013fk1264msaWr1gdyyL9fh, Status code: 504, Retry
2026-07-10 03:27:07,942 - ace - WARNING - Cant check submission alpha_id vRllZxbG. {'detail': 'THROTTLED'}
2026-07-10 03:27:08,951 - ace - WARNING - Cant check submission alpha_id MPQQdxG9. {'detail': 'THROTTLED'}
2026-07-10 03:27:09,975 - ace - WARNING - Cant check submission alpha_id blqqJRJp. {'detail': 'THROTTLED'}
2026-07-10 03:27:12,047 - ace - WARNING - Cant check submission alpha_id 6X99Z05L. {'detail': 'THROTTLED'}
2026-07-10 03:39:11,266 - ace - WARNING - Cant check submission alpha_id blqqrKZK. {'detail': 'THROTTLED'}
2026-07-10 03:49:41,175 - ace - WARNING - Cant check submission alpha_id e700GKZJ. {'detail': 'THROTTLED'}
2026-07-10 04:08:12,719 - ace - WARNING - Cant check submission alpha_id vRll68Kv. {'detail': 'THROTTLED'}
2026-07-10 04:08:14,892 - ace - WARNING - Cant check submission alpha_id 6X99JOVG. {'detail': 'THROTTLED'}
2026-07-10 04:08:15,935 - ace - WARNING - Cant check submission alpha_id d500o79w. {'detail': 'THROTTLED'}
2026-07-10 04:20:11,713 - ace - ERROR - Simulation https://api.worldquantbrain.com/simulations/3ufFcH9IL4YrcdER7HyfNIC, Status code: 504, Retry
2026-07-10 04:43:34,535 - ace - WARNING - Cant check submission alpha_id omllkjkk. {'detail': 'THROTTLED'}
2026-07-10 04:43:39,316 - ace - WARNING - Cant check submission alpha_id blqqgL3m. {'detail': 'THROTTLED'}
2026-07-10 04:43:40,374 - ace - WARNING - Cant check submission alpha_id VkPPLpGY. {'detail': 'THROTTLED'}
2026-07-10 04:43:42,534 - ace - WARNING - Cant check submission alpha_id e700GKZJ. {'detail': 'THROTTLED'}
2026-07-10 04:46:06,462 - ace - ERROR - alpha_id YP00O9Gq, {'Server': 'awselb/2.0', 'Date': 'Fri, 10 Jul 2026 01:46:06 GMT', 'Content-Type': 'text/html', 'Content-Length': '132', 'Connection': 'keep-alive'}, <html>
<head><title>504 Gateway Time-out</title></head>
<body>
<center><h1>504 Gateway Time-out</h1></center>
</body>
</html>
, 504
2026-07-10 05:15:18,023 - ace - WARNING - Cant check submission alpha_id 1Ydd8kNW. {'detail': 'THROTTLED'}
2026-07-10 05:32:55,484 - ace - WARNING - Cant check submission alpha_id d500MN7x. {'detail': 'THROTTLED'}
2026-07-10 05:33:10,276 - ace - WARNING - Cant check submission alpha_id blqqwOYZ. {'detail': 'THROTTLED'}
2026-07-10 05:33:11,167 - ace - WARNING - Cant check submission alpha_id blqqgL3m. {'detail': 'THROTTLED'}
2026-07-10 05:44:34,398 - ace - WARNING - Cant check submission alpha_id GrLLZeO0. {'detail': 'THROTTLED'}
2026-07-10 05:55:29,684 - ace - WARNING - Cant check submission alpha_id 9qr7zJ8V. {'detail': 'THROTTLED'}
2026-07-10 05:55:30,730 - ace - WARNING - Cant check submission alpha_id np281WG3. {'detail': 'THROTTLED'}
2026-07-10 05:55:31,761 - ace - WARNING - Cant check submission alpha_id 1YdzqzmJ. {'detail': 'THROTTLED'}
2026-07-10 05:55:33,336 - ace - WARNING - Cant check submission alpha_id 0mEMbjR1. {'detail': 'THROTTLED'}
2026-07-10 06:13:06,189 - ace - WARNING - Cant check submission alpha_id gJM9JWWM. {'detail': 'THROTTLED'}
2026-07-10 06:31:11,557 - ace - WARNING - Cant check submission alpha_id WjGVMdoG. {'detail': 'THROTTLED'}
2026-07-10 06:31:14,786 - ace - WARNING - Cant check submission alpha_id 0mEMqRpG. {'detail': 'THROTTLED'}
2026-07-10 06:46:28,560 - ace - WARNING - Cant check submission alpha_id xAkd61el. {'detail': 'THROTTLED'}
2026-07-10 06:46:36,058 - ace - WARNING - Cant check submission alpha_id GrLeaNoG. {'detail': 'THROTTLED'}
2026-07-10 07:09:21,723 - ace - WARNING - Cant check submission alpha_id kq0Zr6Kz. {'detail': 'THROTTLED'}
2026-07-10 07:09:23,501 - ace - WARNING - Cant check submission alpha_id vRlv38Lr. {'detail': 'THROTTLED'}
2026-07-10 07:09:25,241 - ace - WARNING - Cant check submission alpha_id 6X9evgg5. {'detail': 'THROTTLED'}
2026-07-10 07:29:49,430 - ace - WARNING - Cant check submission alpha_id e70xRN2M. {'detail': 'THROTTLED'}
2026-07-10 07:29:53,120 - ace - WARNING - Cant check submission alpha_id QPV9ZX9p. {'detail': 'THROTTLED'}
2026-07-10 07:32:39,833 - ace - INFO - Getting fields for: region=USA, delay=1, universe=TOP3000
2026-07-10 22:14:26,864 - ace - INFO - Getting fields for: region=USA, delay=1, universe=TOP3000
2026-07-10 22:38:13,628 - ace - INFO - Getting fields for: region=USA, delay=1, universe=TOP3000
2026-07-10 22:38:56,593 - ace - INFO - Getting fields for: region=GLB, delay=1, universe=MINVOL1M
2026-07-10 22:39:13,511 - ace - INFO - Getting fields for: region=IND, delay=1, universe=TOP500
2026-07-10 22:39:22,362 - ace - INFO - Getting fields for: region=ASI, delay=1, universe=MINVOL1M
2026-07-10 22:43:27,949 - ace - INFO - Trying re-login, wait 100 seconds
2026-07-10 22:44:02,896 - ace - INFO - Getting fields for: region=USA, delay=1, universe=TOP3000
2026-07-10 22:45:07,631 - ace - INFO - Getting fields for: region=GLB, delay=1, universe=MINVOL1M
2026-07-10 22:45:31,948 - ace - INFO - Getting fields for: region=IND, delay=1, universe=TOP500
2026-07-10 22:45:42,302 - ace - INFO - Getting fields for: region=ASI, delay=1, universe=MINVOL1M
2026-07-10 22:46:17,021 - ace - WARNING - Simulation failed. {"detail":"CONCURRENT_SIMULATION_LIMIT_EXCEEDED"}, Status code: 429
2026-07-10 22:47:22,621 - ace - WARNING - Simulation failed. {"detail":"CONCURRENT_SIMULATION_LIMIT_EXCEEDED"}, Status code: 429
2026-07-10 22:50:42,355 - ace - ERROR - Simulation https://api.worldquantbrain.com/simulations/2t79AK58F54UcEjD3lgCeP0, Status code: 504, Retry
2026-07-10 22:57:01,104 - ace - ERROR - Simulation failed. {'id': '254IIlcwY4JHb6SBMsDMPXJ', 'type': 'REGULAR', 'status': 'ERROR', 'message': 'Attempted to use unknown variable "oth335_hc_combined_all_region_linear". <linkToCommonErrorMessages>Learn more</linkToCommonErrorMessages>', 'location': {'line': 1, 'start': 15, 'end': 51, 'property': 'regular'}, 'links': {'linkToCommonErrorMessages': 'https://support.worldquantbrain.com/hc/en-us/articles/18423410021783--BRAIN-TIPS-Troubleshooting-common-error-messages'}}
2026-07-10 23:03:42,789 - ace - ERROR - Simulation failed. {'id': '4d1ytb4rx53JbXZE6m0yB8C', 'type': 'REGULAR', 'status': 'ERROR', 'message': 'Attempted to use unknown variable "oth335_hc_combined_all_region_linear". <linkToCommonErrorMessages>Learn more</linkToCommonErrorMessages>', 'location': {'line': 1, 'start': 15, 'end': 51, 'property': 'regular'}, 'links': {'linkToCommonErrorMessages': 'https://support.worldquantbrain.com/hc/en-us/articles/18423410021783--BRAIN-TIPS-Troubleshooting-common-error-messages'}}
2026-07-10 23:06:41,614 - ace - WARNING - Cant check submission alpha_id vRljdwMv. {'detail': 'THROTTLED'}
2026-07-10 23:06:44,656 - ace - WARNING - Cant check submission alpha_id WjG79K6G. {'detail': 'THROTTLED'}
2026-07-10 23:06:45,793 - ace - WARNING - Cant check submission alpha_id MPQ7k8lo. {'detail': 'THROTTLED'}
2026-07-10 23:06:46,803 - ace - WARNING - Cant check submission alpha_id e70zLndN. {'detail': 'THROTTLED'}
2026-07-10 23:06:48,952 - ace - WARNING - Cant check submission alpha_id A1Plk7gQ. {'detail': 'THROTTLED'}
2026-07-10 23:23:48,714 - ace - WARNING - Simulation failed. {"detail":"CONCURRENT_SIMULATION_LIMIT_EXCEEDED"}, Status code: 429
2026-07-10 23:34:36,583 - ace - WARNING - Cant check submission alpha_id MPQ7xjEo. {'detail': 'THROTTLED'}
2026-07-10 23:34:38,159 - ace - WARNING - Cant check submission alpha_id gJMj3YWQ. {'detail': 'THROTTLED'}
2026-07-10 23:34:40,664 - ace - WARNING - Cant check submission alpha_id QPV7Q0dX. {'detail': 'THROTTLED'}
2026-07-10 23:34:42,495 - ace - WARNING - Cant check submission alpha_id gJMj3jgl. {'detail': 'THROTTLED'}
2026-07-10 23:34:48,175 - ace - WARNING - Cant check submission alpha_id 2rLlKx3J. {'detail': 'THROTTLED'}
2026-07-10 23:47:18,998 - ace - WARNING - Cant check submission alpha_id omlqKjAJ. {'detail': 'THROTTLED'}
2026-07-10 23:58:34,184 - ace - WARNING - Cant check submission alpha_id kq0jZqnO. {'detail': 'THROTTLED'}
2026-07-10 23:58:38,704 - ace - WARNING - Cant check submission alpha_id lelj3evN. {'detail': 'THROTTLED'}
2026-07-11 00:05:43,616 - ace - INFO - Getting fields for: region=ASI, delay=1, universe=MINVOL1M
2026-07-11 00:10:05,426 - ace - WARNING - Cant check submission alpha_id N1r7RK98. {'detail': 'THROTTLED'}
2026-07-11 00:10:06,492 - ace - WARNING - Cant check submission alpha_id GrLle9Xo. {'detail': 'THROTTLED'}
2026-07-11 00:10:09,827 - ace - WARNING - Cant check submission alpha_id O0Z7xL3b. {'detail': 'THROTTLED'}
2026-07-11 00:10:13,050 - ace - WARNING - Cant check submission alpha_id P037GamM. {'detail': 'THROTTLED'}
2026-07-11 00:10:15,573 - ace - WARNING - Cant check submission alpha_id qMljNkQK. {'detail': 'THROTTLED'}
2026-07-11 00:21:19,597 - ace - WARNING - Cant check submission alpha_id YP07vJev. {'detail': 'THROTTLED'}
2026-07-11 00:21:20,522 - ace - WARNING - Cant check submission alpha_id QPV7Gxzw. {'detail': 'THROTTLED'}
2026-07-11 00:21:22,446 - ace - WARNING - Cant check submission alpha_id GrLll1dO. {'detail': 'THROTTLED'}
2026-07-11 00:21:23,783 - ace - ERROR - Simulation failed. {'id': '1QEtT8s84hO9Mq2EwDcpFh', 'type': 'REGULAR', 'status': 'ERROR', 'message': 'Unexpected character \'(\' near "ha=ts_rank(imb5_scor". <linkToCommonErrorMessages>Learn more</linkToCommonErrorMessages>', 'location': {'line': 1, 'start': 29, 'end': 30, 'property': 'regular'}, 'links': {'linkToCommonErrorMessages': 'https://support.worldquantbrain.com/hc/en-us/articles/18423410021783--BRAIN-TIPS-Troubleshooting-common-error-messages'}}
2026-07-11 00:24:22,922 - ace - ERROR - Simulation failed. {'id': 'v2cxvdlq4Pz9xkkT2KpSep', 'type': 'REGULAR', 'status': 'ERROR', 'message': 'Unexpected character \'(\' near "ha=ts_rank(imb5_scor". <linkToCommonErrorMessages>Learn more</linkToCommonErrorMessages>', 'location': {'line': 1, 'start': 29, 'end': 30, 'property': 'regular'}, 'links': {'linkToCommonErrorMessages': 'https://support.worldquantbrain.com/hc/en-us/articles/18423410021783--BRAIN-TIPS-Troubleshooting-common-error-messages'}}
2026-07-11 00:31:53,117 - ace - WARNING - Cant check submission alpha_id A1PllYGw. {'detail': 'THROTTLED'}
