Traceback (most recent call last):
Traceback (most recent call last):
  File "C:\Users\HP\H_PROJECT_RESEARCH_PACKAGE_CLEAN\gp_sofia_miner.py", line 752, in <module>
    region_choice = input_with_timeout(
                    ^^^^^^^^^^^^^^^^^^
  File "C:\Users\HP\H_PROJECT_RESEARCH_PACKAGE_CLEAN\gp_sofia_miner.py", line 752, in <module>
    region_choice = input_with_timeout(
                    ^^^^^^^^^^^^^^^^^^
NameError: name 'input_with_timeout' is not defined
NameError: name 'input_with_timeout' is not defined
Enter target region to mine (ASI, USA, GLB, IND, or ALL) [default: ASI]: 
Unknown region ''. Defaulting to ASI.
--> Starting Evolution Loop for regions: ['ASI'] (Concurrency: 4, Pop Size: 12)

==============================================
STARTING GENIUS MULTI-REGION ISLAND MINER
==============================================

Complete biometrics authentication and press any key to continue: 
https://api.worldquantbrain.com/authentication/persona?inquiry=inq_AUAgjsUEQ4vNEqzyc3kUkN9PoTqT5E

Session established successfully.
Querying allowed operators from WorldQuant Brain...
Querying allowed datafields for ASI region...
2026-07-11 00:05:43,616 - ace - INFO - Getting fields for: region=ASI, delay=1, universe=MINVOL1M
2026-07-11 00:05:43,616 - ace - INFO - Getting fields for: region=ASI, delay=1, universe=MINVOL1M
Initialized Mutator for regions: ['ASI']
Backtesting 2 new seed formulas for ASI...
  0%|                                                                                            | 0/2 [00:00<?, ?it/s]  0%|                                                                                            | 0/2 [00:00<?, ?it/s] 50%|#########################################5                                         | 1/2 [09:19<09:19, 559.31s/it] 50%|#########################################5                                         | 1/2 [09:19<09:19, 559.31s/it]100%|###################################################################################| 2/2 [13:46<00:00, 387.64s/it]100%|###################################################################################| 2/2 [13:46<00:00, 387.64s/it]100%|###################################################################################| 2/2 [13:46<00:00, 413.39s/it]100%|###################################################################################| 2/2 [13:46<00:00, 413.39s/it]

